==2494== Memcheck, a memory error detector
==2494== Copyright (C) 2002-2022, and GNU GPL'd, by Julian Seward et al.
==2494== Using Valgrind-3.22.0 and LibVEX; rerun with -h for copyright info
==2494== Command: ./minishell
==2494== Parent PID: 2377
==2494== 
==2527== 
==2527== HEAP SUMMARY:
==2527==     in use at exit: 232,788 bytes in 234 blocks
==2527==   total heap usage: 1,106 allocs, 872 frees, 278,514 bytes allocated
==2527== 
==2527== LEAK SUMMARY:
==2527==    definitely lost: 0 bytes in 0 blocks
==2527==    indirectly lost: 0 bytes in 0 blocks
==2527==      possibly lost: 0 bytes in 0 blocks
==2527==    still reachable: 0 bytes in 0 blocks
==2527==         suppressed: 232,788 bytes in 234 blocks
==2527== 
==2527== For lists of detected and suppressed errors, rerun with: -s
==2527== ERROR SUMMARY: 0 errors from 0 contexts (suppressed: 0 from 0)
==2494== 
==2494== HEAP SUMMARY:
==2494==     in use at exit: 232,806 bytes in 234 blocks
==2494==   total heap usage: 1,114 allocs, 880 frees, 280,295 bytes allocated
==2494== 
==2494== LEAK SUMMARY:
==2494==    definitely lost: 0 bytes in 0 blocks
==2494==    indirectly lost: 0 bytes in 0 blocks
==2494==      possibly lost: 0 bytes in 0 blocks
==2494==    still reachable: 0 bytes in 0 blocks
==2494==         suppressed: 232,806 bytes in 234 blocks
==2494== 
==2494== For lists of detected and suppressed errors, rerun with: -s
==2494== ERROR SUMMARY: 0 errors from 0 contexts (suppressed: 0 from 0)
